e:\aiv\source code\windows\aivwin\aivwin\x64\debug\aivwin.pch
e:\aiv\source code\windows\aivwin\aivwin\x64\debug\vc141.pdb
e:\aiv\source code\windows\aivwin\aivwin\x64\debug\vc141.idb
e:\aiv\source code\windows\aivwin\aivwin\x64\debug\stdafx.obj
e:\aiv\source code\windows\aivwin\aivwin\x64\debug\viewtree.obj
e:\aiv\source code\windows\aivwin\aivwin\x64\debug\tcpclient.obj
e:\aiv\source code\windows\aivwin\aivwin\x64\debug\propertieswnd.obj
e:\aiv\source code\windows\aivwin\aivwin\x64\debug\outputwnd.obj
e:\aiv\source code\windows\aivwin\aivwin\x64\debug\mainfrm.obj
e:\aiv\source code\windows\aivwin\aivwin\x64\debug\fileview.obj
e:\aiv\source code\windows\aivwin\aivwin\x64\debug\classview.obj
e:\aiv\source code\windows\aivwin\aivwin\x64\debug\aivwinview.obj
e:\aiv\source code\windows\aivwin\aivwin\x64\debug\aivwindoc.obj
e:\aiv\source code\windows\aivwin\aivwin\x64\debug\aivwin.obj
e:\aiv\source code\windows\aivwin\x64\debug\aivwin.ilk
e:\aiv\source code\windows\aivwin\x64\debug\aivwin.exe
e:\aiv\source code\windows\aivwin\x64\debug\aivwin.pdb
e:\aiv\source code\windows\aivwin\aivwin\x64\debug\aivwin.res
e:\aiv\source code\windows\aivwin\aivwin\x64\debug\aivwin.tlog\cl.command.1.tlog
e:\aiv\source code\windows\aivwin\aivwin\x64\debug\aivwin.tlog\cl.read.1.tlog
e:\aiv\source code\windows\aivwin\aivwin\x64\debug\aivwin.tlog\cl.write.1.tlog
e:\aiv\source code\windows\aivwin\aivwin\x64\debug\aivwin.tlog\link.command.1.tlog
e:\aiv\source code\windows\aivwin\aivwin\x64\debug\aivwin.tlog\link.read.1.tlog
e:\aiv\source code\windows\aivwin\aivwin\x64\debug\aivwin.tlog\link.write.1.tlog
e:\aiv\source code\windows\aivwin\aivwin\x64\debug\aivwin.tlog\rc.command.1.tlog
e:\aiv\source code\windows\aivwin\aivwin\x64\debug\aivwin.tlog\rc.read.1.tlog
e:\aiv\source code\windows\aivwin\aivwin\x64\debug\aivwin.tlog\rc.write.1.tlog
